{
  "stats": {
    "suites": 1,
    "tests": 1,
    "passes": 1,
    "pending": 0,
    "failures": 0,
    "start": "2025-02-11T00:22:54.099Z",
    "end": "2025-02-11T00:22:54.384Z",
    "duration": 285,
    "testsRegistered": 1,
    "passPercent": 100,
    "pendingPercent": 0,
    "other": 0,
    "hasOther": false,
    "skipped": 0,
    "hasSkipped": false
  },
  "results": [
    {
      "uuid": "3e5cdf11-354b-41b1-8eca-42551670b0e1",
      "title": "",
      "fullFile": "cypress/e2e/api/tests/seach_product.spec.cy.js",
      "file": "cypress/e2e/api/tests/seach_product.spec.cy.js",
      "beforeHooks": [],
      "afterHooks": [],
      "tests": [],
      "suites": [
        {
          "uuid": "15fad844-c047-435f-ad9a-ae240a6731ff",
          "title": "Testing user creation flow, login, email change and Check product",
          "fullFile": "",
          "file": "",
          "beforeHooks": [],
          "afterHooks": [],
          "tests": [
            {
              "title": "Create a product and verify that the product was created",
              "fullTitle": "Testing user creation flow, login, email change and Check product Create a product and verify that the product was created",
              "timedOut": null,
              "duration": 231,
              "state": "passed",
              "speed": "fast",
              "pass": true,
              "fail": false,
              "pending": false,
              "context": null,
              "code": "cy.generateRandomEmailAndPassword().then(userData => {\n  const email = userData.email;\n  const password = userData.password;\n  let authorization;\n  let productId;\n  (0, _create_user.createUserRequest)(email, password).then(() => (0, _login.loginRequest)(email, password)).then(() => cy.get('@authorization')).then(auth => {\n    authorization = auth;\n    return cy.generateRandomProduct();\n  }).then(productData => (0, _create_product.createProductRequest)(authorization, productData.nome, productData.preco, productData.descricao, productData.quantidade)).then(() => cy.get('@productId')).then(prodId => {\n    productId = prodId;\n    return (0, _search_product.searchProduct)(productId);\n  }).then(getProductResponse => {\n    expect(getProductResponse.status).to.eq(200);\n    expect(getProductResponse.body._id).to.eq(productId);\n  });\n});",
              "err": {},
              "uuid": "6ed5d173-f278-4d8b-8251-ce7998d20d24",
              "parentUUID": "15fad844-c047-435f-ad9a-ae240a6731ff",
              "isHook": false,
              "skipped": false
            }
          ],
          "suites": [],
          "passes": [
            "6ed5d173-f278-4d8b-8251-ce7998d20d24"
          ],
          "failures": [],
          "pending": [],
          "skipped": [],
          "duration": 231,
          "root": false,
          "rootEmpty": false,
          "_timeout": 2000
        }
      ],
      "passes": [],
      "failures": [],
      "pending": [],
      "skipped": [],
      "duration": 0,
      "root": true,
      "rootEmpty": true,
      "_timeout": 2000
    }
  ],
  "meta": {
    "mocha": {
      "version": "7.0.1"
    },
    "mochawesome": {
      "options": {
        "quiet": false,
        "reportFilename": "mochawesome",
        "saveHtml": true,
        "saveJson": true,
        "consoleReporter": "spec",
        "useInlineDiffs": false,
        "code": true
      },
      "version": "7.1.3"
    },
    "marge": {
      "options": {
        "reportDir": "mochawesome-report",
        "overwrite": false,
        "html": true,
        "json": true
      },
      "version": "6.2.0"
    }
  }
}